		Initializing .... 

Total memory allocated = 5452148
		Begin Printing Seed information

Seed point: 107 4 	Path 0 0 	User path -1 -1 -1

---------------------

Print path: 



[107 4] 

		Begin Printing Seed information

Seed point: 107 4 	Path 0 6 	User path 0 12 0

Seed point: 112 5 	Path 7 7 	User path 12 12 12

---------------------

Print path: 



[107 4] [108 4] [108 5] [109 5] [110 5] [111 5] [112 5] 
[112 5] 

		Begin Printing Seed information

Seed point: 107 4 	Path 0 6 	User path 0 12 0

Seed point: 112 5 	Path 7 40 	User path 12 68 12

Seed point: 144 9 	Path 41 41 	User path 68 68 68

---------------------

Print path: 



[107 4] [108 4] [108 5] [109 5] [110 5] [111 5] [112 5] 
[112 5] [112 6] [113 7] [114 8] [115 9] [116 10] [117 11] 
[118 12] [119 13] [120 14] [121 15] [122 16] [123 16] [124 16] 
[125 16] [126 16] [127 16] [128 16] [129 16] [130 16] [131 16] 
[132 15] [133 14] [134 14] [135 13] [136 13] [137 13] [138 13] 
[139 13] [140 12] [141 12] [142 11] [143 10] [144 9] [144 9] 

		Begin Printing Seed information

Seed point: 107 4 	Path 0 6 	User path 0 12 0

Seed point: 112 5 	Path 7 40 	User path 12 68 12

Seed point: 144 9 	Path 41 41 	User path 68 70 68

Seed point: 144 9 	Path 42 42 	User path 70 70 70

---------------------

Print path: 



[107 4] [108 4] [108 5] [109 5] [110 5] [111 5] [112 5] 
[112 5] [112 6] [113 7] [114 8] [115 9] [116 10] [117 11] 
[118 12] [119 13] [120 14] [121 15] [122 16] [123 16] [124 16] 
[125 16] [126 16] [127 16] [128 16] [129 16] [130 16] [131 16] 
[132 15] [133 14] [134 14] [135 13] [136 13] [137 13] [138 13] 
[139 13] [140 12] [141 12] [142 11] [143 10] [144 9] [144 9] 
[144 9] 

		Begin Printing Seed information

Seed point: 107 4 	Path 0 6 	User path 0 12 0

Seed point: 112 5 	Path 7 40 	User path 12 68 12

Seed point: 144 9 	Path 41 41 	User path 68 70 68

Seed point: 144 9 	Path 42 57 	User path 70 87 70

Seed point: 159 9 	Path 58 58 	User path 87 87 87

---------------------

Print path: 



[107 4] [108 4] [108 5] [109 5] [110 5] [111 5] [112 5] 
[112 5] [112 6] [113 7] [114 8] [115 9] [116 10] [117 11] 
[118 12] [119 13] [120 14] [121 15] [122 16] [123 16] [124 16] 
[125 16] [126 16] [127 16] [128 16] [129 16] [130 16] [131 16] 
[132 15] [133 14] [134 14] [135 13] [136 13] [137 13] [138 13] 
[139 13] [140 12] [141 12] [142 11] [143 10] [144 9] [144 9] 
[144 9] [145 9] [146 9] [147 9] [148 9] [149 9] [150 9] 
[151 9] [152 9] [153 9] [154 9] [155 9] [156 9] [157 9] 
[158 9] [159 9] [159 9] 

		Begin Printing Seed information

Seed point: 107 4 	Path 0 6 	User path 0 12 0

Seed point: 112 5 	Path 7 40 	User path 12 68 12

Seed point: 144 9 	Path 41 41 	User path 68 70 68

Seed point: 144 9 	Path 42 57 	User path 70 87 70

Seed point: 159 9 	Path 58 61 	User path 87 96 87

Seed point: 162 10 	Path 62 62 	User path 96 96 96

---------------------

Print path: 



[107 4] [108 4] [108 5] [109 5] [110 5] [111 5] [112 5] 
[112 5] [112 6] [113 7] [114 8] [115 9] [116 10] [117 11] 
[118 12] [119 13] [120 14] [121 15] [122 16] [123 16] [124 16] 
[125 16] [126 16] [127 16] [128 16] [129 16] [130 16] [131 16] 
[132 15] [133 14] [134 14] [135 13] [136 13] [137 13] [138 13] 
[139 13] [140 12] [141 12] [142 11] [143 10] [144 9] [144 9] 
[144 9] [145 9] [146 9] [147 9] [148 9] [149 9] [150 9] 
[151 9] [152 9] [153 9] [154 9] [155 9] [156 9] [157 9] 
[158 9] [159 9] [159 9] [160 9] [161 10] [162 10] [162 10] 

		Begin Printing Seed information

Seed point: 107 4 	Path 0 6 	User path 0 12 0

Seed point: 112 5 	Path 7 40 	User path 12 68 12

Seed point: 144 9 	Path 41 41 	User path 68 70 68

Seed point: 144 9 	Path 42 57 	User path 70 87 70

Seed point: 159 9 	Path 58 61 	User path 87 96 87

Seed point: 162 10 	Path 62 75 	User path 96 109 96

Seed point: 175 16 	Path 76 76 	User path 109 109 109

---------------------

Print path: 



[107 4] [108 4] [108 5] [109 5] [110 5] [111 5] [112 5] 
[112 5] [112 6] [113 7] [114 8] [115 9] [116 10] [117 11] 
[118 12] [119 13] [120 14] [121 15] [122 16] [123 16] [124 16] 
[125 16] [126 16] [127 16] [128 16] [129 16] [130 16] [131 16] 
[132 15] [133 14] [134 14] [135 13] [136 13] [137 13] [138 13] 
[139 13] [140 12] [141 12] [142 11] [143 10] [144 9] [144 9] 
[144 9] [145 9] [146 9] [147 9] [148 9] [149 9] [150 9] 
[151 9] [152 9] [153 9] [154 9] [155 9] [156 9] [157 9] 
[158 9] [159 9] [159 9] [160 9] [161 10] [162 10] [162 10] 
[163 11] [164 11] [165 11] [166 11] [167 12] [168 13] [169 14] 
[170 15] [171 16] [172 16] [173 16] [174 16] [175 16] [175 16] 

		Begin Printing Seed information

Seed point: 107 4 	Path 0 6 	User path 0 12 0

Seed point: 112 5 	Path 7 40 	User path 12 68 12

Seed point: 144 9 	Path 41 41 	User path 68 70 68

Seed point: 144 9 	Path 42 57 	User path 70 87 70

Seed point: 159 9 	Path 58 61 	User path 87 96 87

Seed point: 162 10 	Path 62 75 	User path 96 109 96

Seed point: 175 16 	Path 76 79 	User path 109 118 109

Seed point: 178 17 	Path 80 80 	User path 118 118 118

---------------------

Print path: 



[107 4] [108 4] [108 5] [109 5] [110 5] [111 5] [112 5] 
[112 5] [112 6] [113 7] [114 8] [115 9] [116 10] [117 11] 
[118 12] [119 13] [120 14] [121 15] [122 16] [123 16] [124 16] 
[125 16] [126 16] [127 16] [128 16] [129 16] [130 16] [131 16] 
[132 15] [133 14] [134 14] [135 13] [136 13] [137 13] [138 13] 
[139 13] [140 12] [141 12] [142 11] [143 10] [144 9] [144 9] 
[144 9] [145 9] [146 9] [147 9] [148 9] [149 9] [150 9] 
[151 9] [152 9] [153 9] [154 9] [155 9] [156 9] [157 9] 
[158 9] [159 9] [159 9] [160 9] [161 10] [162 10] [162 10] 
[163 11] [164 11] [165 11] [166 11] [167 12] [168 13] [169 14] 
[170 15] [171 16] [172 16] [173 16] [174 16] [175 16] [175 16] 
[176 16] [177 16] [178 17] [178 17] 

		Begin Printing Seed information

Seed point: 107 4 	Path 0 6 	User path 0 12 0

Seed point: 112 5 	Path 7 40 	User path 12 68 12

Seed point: 144 9 	Path 41 41 	User path 68 70 68

Seed point: 144 9 	Path 42 57 	User path 70 87 70

Seed point: 159 9 	Path 58 61 	User path 87 96 87

Seed point: 162 10 	Path 62 75 	User path 96 109 96

Seed point: 175 16 	Path 76 79 	User path 109 118 109

Seed point: 178 17 	Path 80 94 	User path 118 135 118

Seed point: 192 26 	Path 95 95 	User path 135 135 135

---------------------

Print path: 



[107 4] [108 4] [108 5] [109 5] [110 5] [111 5] [112 5] 
[112 5] [112 6] [113 7] [114 8] [115 9] [116 10] [117 11] 
[118 12] [119 13] [120 14] [121 15] [122 16] [123 16] [124 16] 
[125 16] [126 16] [127 16] [128 16] [129 16] [130 16] [131 16] 
[132 15] [133 14] [134 14] [135 13] [136 13] [137 13] [138 13] 
[139 13] [140 12] [141 12] [142 11] [143 10] [144 9] [144 9] 
[144 9] [145 9] [146 9] [147 9] [148 9] [149 9] [150 9] 
[151 9] [152 9] [153 9] [154 9] [155 9] [156 9] [157 9] 
[158 9] [159 9] [159 9] [160 9] [161 10] [162 10] [162 10] 
[163 11] [164 11] [165 11] [166 11] [167 12] [168 13] [169 14] 
[170 15] [171 16] [172 16] [173 16] [174 16] [175 16] [175 16] 
[176 16] [177 16] [178 17] [178 17] [179 17] [180 18] [181 19] 
[182 20] [183 21] [184 22] [185 23] [186 24] [187 25] [188 25] 
[189 25] [190 25] [191 26] [192 26] [192 26] 

		Begin Printing Seed information

Seed point: 107 4 	Path 0 6 	User path 0 12 0

Seed point: 112 5 	Path 7 40 	User path 12 68 12

Seed point: 144 9 	Path 41 41 	User path 68 70 68

Seed point: 144 9 	Path 42 57 	User path 70 87 70

Seed point: 159 9 	Path 58 61 	User path 87 96 87

Seed point: 162 10 	Path 62 75 	User path 96 109 96

Seed point: 175 16 	Path 76 79 	User path 109 118 109

Seed point: 178 17 	Path 80 94 	User path 118 135 118

Seed point: 192 26 	Path 95 98 	User path 135 146 135

Seed point: 195 27 	Path 99 99 	User path 146 146 146

---------------------

Print path: 



[107 4] [108 4] [108 5] [109 5] [110 5] [111 5] [112 5] 
[112 5] [112 6] [113 7] [114 8] [115 9] [116 10] [117 11] 
[118 12] [119 13] [120 14] [121 15] [122 16] [123 16] [124 16] 
[125 16] [126 16] [127 16] [128 16] [129 16] [130 16] [131 16] 
[132 15] [133 14] [134 14] [135 13] [136 13] [137 13] [138 13] 
[139 13] [140 12] [141 12] [142 11] [143 10] [144 9] [144 9] 
[144 9] [145 9] [146 9] [147 9] [148 9] [149 9] [150 9] 
[151 9] [152 9] [153 9] [154 9] [155 9] [156 9] [157 9] 
[158 9] [159 9] [159 9] [160 9] [161 10] [162 10] [162 10] 
[163 11] [164 11] [165 11] [166 11] [167 12] [168 13] [169 14] 
[170 15] [171 16] [172 16] [173 16] [174 16] [175 16] [175 16] 
[176 16] [177 16] [178 17] [178 17] [179 17] [180 18] [181 19] 
[182 20] [183 21] [184 22] [185 23] [186 24] [187 25] [188 25] 
[189 25] [190 25] [191 26] [192 26] [192 26] [193 26] [194 27] 
[195 27] [195 27] 

		Begin Printing Seed information

Seed point: 107 4 	Path 0 6 	User path 0 12 0

Seed point: 112 5 	Path 7 40 	User path 12 68 12

Seed point: 144 9 	Path 41 41 	User path 68 70 68

Seed point: 144 9 	Path 42 57 	User path 70 87 70

Seed point: 159 9 	Path 58 61 	User path 87 96 87

Seed point: 162 10 	Path 62 75 	User path 96 109 96

Seed point: 175 16 	Path 76 79 	User path 109 118 109

Seed point: 178 17 	Path 80 94 	User path 118 135 118

Seed point: 192 26 	Path 95 98 	User path 135 146 135

Seed point: 195 27 	Path 99 123 	User path 146 166 146

Seed point: 219 35 	Path 124 124 	User path 166 166 166

---------------------

Print path: 



[107 4] [108 4] [108 5] [109 5] [110 5] [111 5] [112 5] 
[112 5] [112 6] [113 7] [114 8] [115 9] [116 10] [117 11] 
[118 12] [119 13] [120 14] [121 15] [122 16] [123 16] [124 16] 
[125 16] [126 16] [127 16] [128 16] [129 16] [130 16] [131 16] 
[132 15] [133 14] [134 14] [135 13] [136 13] [137 13] [138 13] 
[139 13] [140 12] [141 12] [142 11] [143 10] [144 9] [144 9] 
[144 9] [145 9] [146 9] [147 9] [148 9] [149 9] [150 9] 
[151 9] [152 9] [153 9] [154 9] [155 9] [156 9] [157 9] 
[158 9] [159 9] [159 9] [160 9] [161 10] [162 10] [162 10] 
[163 11] [164 11] [165 11] [166 11] [167 12] [168 13] [169 14] 
[170 15] [171 16] [172 16] [173 16] [174 16] [175 16] [175 16] 
[176 16] [177 16] [178 17] [178 17] [179 17] [180 18] [181 19] 
[182 20] [183 21] [184 22] [185 23] [186 24] [187 25] [188 25] 
[189 25] [190 25] [191 26] [192 26] [192 26] [193 26] [194 27] 
[195 27] [195 27] [196 28] [197 29] [198 30] [199 31] [200 31] 
[201 31] [202 31] [203 31] [204 32] [205 32] [206 32] [207 32] 
[208 32] [209 32] [210 32] [211 32] [212 32] [213 33] [214 34] 
[215 35] [216 35] [217 35] [218 35] [219 35] [219 35] 

		Begin Printing Seed information

Seed point: 107 4 	Path 0 6 	User path 0 12 0

Seed point: 112 5 	Path 7 40 	User path 12 68 12

Seed point: 144 9 	Path 41 41 	User path 68 70 68

Seed point: 144 9 	Path 42 57 	User path 70 87 70

Seed point: 159 9 	Path 58 61 	User path 87 96 87

Seed point: 162 10 	Path 62 75 	User path 96 109 96

Seed point: 175 16 	Path 76 79 	User path 109 118 109

Seed point: 178 17 	Path 80 94 	User path 118 135 118

Seed point: 192 26 	Path 95 98 	User path 135 146 135

Seed point: 195 27 	Path 99 123 	User path 146 166 146

Seed point: 219 35 	Path 124 127 	User path 166 177 166

Seed point: 222 36 	Path 128 128 	User path 177 177 177

---------------------

Print path: 



[107 4] [108 4] [108 5] [109 5] [110 5] [111 5] [112 5] 
[112 5] [112 6] [113 7] [114 8] [115 9] [116 10] [117 11] 
[118 12] [119 13] [120 14] [121 15] [122 16] [123 16] [124 16] 
[125 16] [126 16] [127 16] [128 16] [129 16] [130 16] [131 16] 
[132 15] [133 14] [134 14] [135 13] [136 13] [137 13] [138 13] 
[139 13] [140 12] [141 12] [142 11] [143 10] [144 9] [144 9] 
[144 9] [145 9] [146 9] [147 9] [148 9] [149 9] [150 9] 
[151 9] [152 9] [153 9] [154 9] [155 9] [156 9] [157 9] 
[158 9] [159 9] [159 9] [160 9] [161 10] [162 10] [162 10] 
[163 11] [164 11] [165 11] [166 11] [167 12] [168 13] [169 14] 
[170 15] [171 16] [172 16] [173 16] [174 16] [175 16] [175 16] 
[176 16] [177 16] [178 17] [178 17] [179 17] [180 18] [181 19] 
[182 20] [183 21] [184 22] [185 23] [186 24] [187 25] [188 25] 
[189 25] [190 25] [191 26] [192 26] [192 26] [193 26] [194 27] 
[195 27] [195 27] [196 28] [197 29] [198 30] [199 31] [200 31] 
[201 31] [202 31] [203 31] [204 32] [205 32] [206 32] [207 32] 
[208 32] [209 32] [210 32] [211 32] [212 32] [213 33] [214 34] 
[215 35] [216 35] [217 35] [218 35] [219 35] [219 35] [220 35] 
[221 35] [222 36] [222 36] 

		Begin Printing Seed information

Seed point: 107 4 	Path 0 6 	User path 0 12 0

Seed point: 112 5 	Path 7 40 	User path 12 68 12

Seed point: 144 9 	Path 41 41 	User path 68 70 68

Seed point: 144 9 	Path 42 57 	User path 70 87 70

Seed point: 159 9 	Path 58 61 	User path 87 96 87

Seed point: 162 10 	Path 62 75 	User path 96 109 96

Seed point: 175 16 	Path 76 79 	User path 109 118 109

Seed point: 178 17 	Path 80 94 	User path 118 135 118

Seed point: 192 26 	Path 95 98 	User path 135 146 135

Seed point: 195 27 	Path 99 123 	User path 146 166 146

Seed point: 219 35 	Path 124 127 	User path 166 177 166

Seed point: 222 36 	Path 128 142 	User path 177 200 177

Seed point: 236 42 	Path 143 143 	User path 200 200 200

---------------------

Print path: 



[107 4] [108 4] [108 5] [109 5] [110 5] [111 5] [112 5] 
[112 5] [112 6] [113 7] [114 8] [115 9] [116 10] [117 11] 
[118 12] [119 13] [120 14] [121 15] [122 16] [123 16] [124 16] 
[125 16] [126 16] [127 16] [128 16] [129 16] [130 16] [131 16] 
[132 15] [133 14] [134 14] [135 13] [136 13] [137 13] [138 13] 
[139 13] [140 12] [141 12] [142 11] [143 10] [144 9] [144 9] 
[144 9] [145 9] [146 9] [147 9] [148 9] [149 9] [150 9] 
[151 9] [152 9] [153 9] [154 9] [155 9] [156 9] [157 9] 
[158 9] [159 9] [159 9] [160 9] [161 10] [162 10] [162 10] 
[163 11] [164 11] [165 11] [166 11] [167 12] [168 13] [169 14] 
[170 15] [171 16] [172 16] [173 16] [174 16] [175 16] [175 16] 
[176 16] [177 16] [178 17] [178 17] [179 17] [180 18] [181 19] 
[182 20] [183 21] [184 22] [185 23] [186 24] [187 25] [188 25] 
[189 25] [190 25] [191 26] [192 26] [192 26] [193 26] [194 27] 
[195 27] [195 27] [196 28] [197 29] [198 30] [199 31] [200 31] 
[201 31] [202 31] [203 31] [204 32] [205 32] [206 32] [207 32] 
[208 32] [209 32] [210 32] [211 32] [212 32] [213 33] [214 34] 
[215 35] [216 35] [217 35] [218 35] [219 35] [219 35] [220 35] 
[221 35] [222 36] [222 36] [223 36] [224 36] [225 36] [226 36] 
[227 37] [228 38] [229 38] [230 39] [231 40] [232 40] [233 41] 
[234 42] [235 42] [236 42] [236 42] 

		Begin Printing Seed information

Seed point: 107 4 	Path 0 6 	User path 0 12 0

Seed point: 112 5 	Path 7 40 	User path 12 68 12

Seed point: 144 9 	Path 41 41 	User path 68 70 68

Seed point: 144 9 	Path 42 57 	User path 70 87 70

Seed point: 159 9 	Path 58 61 	User path 87 96 87

Seed point: 162 10 	Path 62 75 	User path 96 109 96

Seed point: 175 16 	Path 76 79 	User path 109 118 109

Seed point: 178 17 	Path 80 94 	User path 118 135 118

Seed point: 192 26 	Path 95 98 	User path 135 146 135

Seed point: 195 27 	Path 99 123 	User path 146 166 146

Seed point: 219 35 	Path 124 127 	User path 166 177 166

Seed point: 222 36 	Path 128 142 	User path 177 200 177

Seed point: 236 42 	Path 143 144 	User path 200 203 200

Seed point: 237 42 	Path 145 145 	User path 203 203 203

---------------------

Print path: 



[107 4] [108 4] [108 5] [109 5] [110 5] [111 5] [112 5] 
[112 5] [112 6] [113 7] [114 8] [115 9] [116 10] [117 11] 
[118 12] [119 13] [120 14] [121 15] [122 16] [123 16] [124 16] 
[125 16] [126 16] [127 16] [128 16] [129 16] [130 16] [131 16] 
[132 15] [133 14] [134 14] [135 13] [136 13] [137 13] [138 13] 
[139 13] [140 12] [141 12] [142 11] [143 10] [144 9] [144 9] 
[144 9] [145 9] [146 9] [147 9] [148 9] [149 9] [150 9] 
[151 9] [152 9] [153 9] [154 9] [155 9] [156 9] [157 9] 
[158 9] [159 9] [159 9] [160 9] [161 10] [162 10] [162 10] 
[163 11] [164 11] [165 11] [166 11] [167 12] [168 13] [169 14] 
[170 15] [171 16] [172 16] [173 16] [174 16] [175 16] [175 16] 
[176 16] [177 16] [178 17] [178 17] [179 17] [180 18] [181 19] 
[182 20] [183 21] [184 22] [185 23] [186 24] [187 25] [188 25] 
[189 25] [190 25] [191 26] [192 26] [192 26] [193 26] [194 27] 
[195 27] [195 27] [196 28] [197 29] [198 30] [199 31] [200 31] 
[201 31] [202 31] [203 31] [204 32] [205 32] [206 32] [207 32] 
[208 32] [209 32] [210 32] [211 32] [212 32] [213 33] [214 34] 
[215 35] [216 35] [217 35] [218 35] [219 35] [219 35] [220 35] 
[221 35] [222 36] [222 36] [223 36] [224 36] [225 36] [226 36] 
[227 37] [228 38] [229 38] [230 39] [231 40] [232 40] [233 41] 
[234 42] [235 42] [236 42] [236 42] [237 42] [237 42] 

		Begin Printing Seed information

Seed point: 107 4 	Path 0 6 	User path 0 12 0

Seed point: 112 5 	Path 7 40 	User path 12 68 12

Seed point: 144 9 	Path 41 41 	User path 68 70 68

Seed point: 144 9 	Path 42 57 	User path 70 87 70

Seed point: 159 9 	Path 58 61 	User path 87 96 87

Seed point: 162 10 	Path 62 75 	User path 96 109 96

Seed point: 175 16 	Path 76 79 	User path 109 118 109

Seed point: 178 17 	Path 80 94 	User path 118 135 118

Seed point: 192 26 	Path 95 98 	User path 135 146 135

Seed point: 195 27 	Path 99 123 	User path 146 166 146

Seed point: 219 35 	Path 124 127 	User path 166 177 166

Seed point: 222 36 	Path 128 142 	User path 177 200 177

Seed point: 236 42 	Path 143 144 	User path 200 203 200

Seed point: 237 42 	Path 145 159 	User path 203 227 203

Seed point: 251 46 	Path 160 160 	User path 227 227 227

---------------------

Print path: 



[107 4] [108 4] [108 5] [109 5] [110 5] [111 5] [112 5] 
[112 5] [112 6] [113 7] [114 8] [115 9] [116 10] [117 11] 
[118 12] [119 13] [120 14] [121 15] [122 16] [123 16] [124 16] 
[125 16] [126 16] [127 16] [128 16] [129 16] [130 16] [131 16] 
[132 15] [133 14] [134 14] [135 13] [136 13] [137 13] [138 13] 
[139 13] [140 12] [141 12] [142 11] [143 10] [144 9] [144 9] 
[144 9] [145 9] [146 9] [147 9] [148 9] [149 9] [150 9] 
[151 9] [152 9] [153 9] [154 9] [155 9] [156 9] [157 9] 
[158 9] [159 9] [159 9] [160 9] [161 10] [162 10] [162 10] 
[163 11] [164 11] [165 11] [166 11] [167 12] [168 13] [169 14] 
[170 15] [171 16] [172 16] [173 16] [174 16] [175 16] [175 16] 
[176 16] [177 16] [178 17] [178 17] [179 17] [180 18] [181 19] 
[182 20] [183 21] [184 22] [185 23] [186 24] [187 25] [188 25] 
[189 25] [190 25] [191 26] [192 26] [192 26] [193 26] [194 27] 
[195 27] [195 27] [196 28] [197 29] [198 30] [199 31] [200 31] 
[201 31] [202 31] [203 31] [204 32] [205 32] [206 32] [207 32] 
[208 32] [209 32] [210 32] [211 32] [212 32] [213 33] [214 34] 
[215 35] [216 35] [217 35] [218 35] [219 35] [219 35] [220 35] 
[221 35] [222 36] [222 36] [223 36] [224 36] [225 36] [226 36] 
[227 37] [228 38] [229 38] [230 39] [231 40] [232 40] [233 41] 
[234 42] [235 42] [236 42] [236 42] [237 42] [237 42] [238 42] 
[239 42] [240 42] [241 43] [242 44] [243 44] [244 44] [245 44] 
[246 44] [247 44] [248 45] [249 45] [250 45] [251 46] [251 46] 

		Begin Printing Seed information

Seed point: 107 4 	Path 0 6 	User path 0 12 0

Seed point: 112 5 	Path 7 40 	User path 12 68 12

Seed point: 144 9 	Path 41 41 	User path 68 70 68

Seed point: 144 9 	Path 42 57 	User path 70 87 70

Seed point: 159 9 	Path 58 61 	User path 87 96 87

Seed point: 162 10 	Path 62 75 	User path 96 109 96

Seed point: 175 16 	Path 76 79 	User path 109 118 109

Seed point: 178 17 	Path 80 94 	User path 118 135 118

Seed point: 192 26 	Path 95 98 	User path 135 146 135

Seed point: 195 27 	Path 99 123 	User path 146 166 146

Seed point: 219 35 	Path 124 127 	User path 166 177 166

Seed point: 222 36 	Path 128 142 	User path 177 200 177

Seed point: 236 42 	Path 143 144 	User path 200 203 200

Seed point: 237 42 	Path 145 159 	User path 203 227 203

Seed point: 251 46 	Path 160 162 	User path 227 234 227

Seed point: 253 44 	Path 163 163 	User path 234 234 234

---------------------

Print path: 



[107 4] [108 4] [108 5] [109 5] [110 5] [111 5] [112 5] 
[112 5] [112 6] [113 7] [114 8] [115 9] [116 10] [117 11] 
[118 12] [119 13] [120 14] [121 15] [122 16] [123 16] [124 16] 
[125 16] [126 16] [127 16] [128 16] [129 16] [130 16] [131 16] 
[132 15] [133 14] [134 14] [135 13] [136 13] [137 13] [138 13] 
[139 13] [140 12] [141 12] [142 11] [143 10] [144 9] [144 9] 
[144 9] [145 9] [146 9] [147 9] [148 9] [149 9] [150 9] 
[151 9] [152 9] [153 9] [154 9] [155 9] [156 9] [157 9] 
[158 9] [159 9] [159 9] [160 9] [161 10] [162 10] [162 10] 
[163 11] [164 11] [165 11] [166 11] [167 12] [168 13] [169 14] 
[170 15] [171 16] [172 16] [173 16] [174 16] [175 16] [175 16] 
[176 16] [177 16] [178 17] [178 17] [179 17] [180 18] [181 19] 
[182 20] [183 21] [184 22] [185 23] [186 24] [187 25] [188 25] 
[189 25] [190 25] [191 26] [192 26] [192 26] [193 26] [194 27] 
[195 27] [195 27] [196 28] [197 29] [198 30] [199 31] [200 31] 
[201 31] [202 31] [203 31] [204 32] [205 32] [206 32] [207 32] 
[208 32] [209 32] [210 32] [211 32] [212 32] [213 33] [214 34] 
[215 35] [216 35] [217 35] [218 35] [219 35] [219 35] [220 35] 
[221 35] [222 36] [222 36] [223 36] [224 36] [225 36] [226 36] 
[227 37] [228 38] [229 38] [230 39] [231 40] [232 40] [233 41] 
[234 42] [235 42] [236 42] [236 42] [237 42] [237 42] [238 42] 
[239 42] [240 42] [241 43] [242 44] [243 44] [244 44] [245 44] 
[246 44] [247 44] [248 45] [249 45] [250 45] [251 46] [251 46] 
[252 45] [253 44] [253 44] 

		Begin Printing Seed information

Seed point: 107 4 	Path 0 6 	User path 0 12 0

Seed point: 112 5 	Path 7 40 	User path 12 68 12

Seed point: 144 9 	Path 41 41 	User path 68 70 68

Seed point: 144 9 	Path 42 57 	User path 70 87 70

Seed point: 159 9 	Path 58 61 	User path 87 96 87

Seed point: 162 10 	Path 62 75 	User path 96 109 96

Seed point: 175 16 	Path 76 79 	User path 109 118 109

Seed point: 178 17 	Path 80 94 	User path 118 135 118

Seed point: 192 26 	Path 95 98 	User path 135 146 135

Seed point: 195 27 	Path 99 123 	User path 146 166 146

Seed point: 219 35 	Path 124 127 	User path 166 177 166

Seed point: 222 36 	Path 128 142 	User path 177 200 177

Seed point: 236 42 	Path 143 144 	User path 200 203 200

Seed point: 237 42 	Path 145 159 	User path 203 227 203

Seed point: 251 46 	Path 160 162 	User path 227 234 227

Seed point: 253 44 	Path 163 183 	User path 234 248 234

Seed point: 247 26 	Path 184 184 	User path 269 269 269

---------------------

Print path: 



[107 4] [108 4] [108 5] [109 5] [110 5] [111 5] [112 5] 
[112 5] [112 6] [113 7] [114 8] [115 9] [116 10] [117 11] 
[118 12] [119 13] [120 14] [121 15] [122 16] [123 16] [124 16] 
[125 16] [126 16] [127 16] [128 16] [129 16] [130 16] [131 16] 
[132 15] [133 14] [134 14] [135 13] [136 13] [137 13] [138 13] 
[139 13] [140 12] [141 12] [142 11] [143 10] [144 9] [144 9] 
[144 9] [145 9] [146 9] [147 9] [148 9] [149 9] [150 9] 
[151 9] [152 9] [153 9] [154 9] [155 9] [156 9] [157 9] 
[158 9] [159 9] [159 9] [160 9] [161 10] [162 10] [162 10] 
[163 11] [164 11] [165 11] [166 11] [167 12] [168 13] [169 14] 
[170 15] [171 16] [172 16] [173 16] [174 16] [175 16] [175 16] 
[176 16] [177 16] [178 17] [178 17] [179 17] [180 18] [181 19] 
[182 20] [183 21] [184 22] [185 23] [186 24] [187 25] [188 25] 
[189 25] [190 25] [191 26] [192 26] [192 26] [193 26] [194 27] 
[195 27] [195 27] [196 28] [197 29] [198 30] [199 31] [200 31] 
[201 31] [202 31] [203 31] [204 32] [205 32] [206 32] [207 32] 
[208 32] [209 32] [210 32] [211 32] [212 32] [213 33] [214 34] 
[215 35] [216 35] [217 35] [218 35] [219 35] [219 35] [220 35] 
[221 35] [222 36] [222 36] [223 36] [224 36] [225 36] [226 36] 
[227 37] [228 38] [229 38] [230 39] [231 40] [232 40] [233 41] 
[234 42] [235 42] [236 42] [236 42] [237 42] [237 42] [238 42] 
[239 42] [240 42] [241 43] [242 44] [243 44] [244 44] [245 44] 
[246 44] [247 44] [248 45] [249 45] [250 45] [251 46] [251 46] 
[252 45] [253 44] [253 44] [253 43] [253 42] [253 41] [252 40] 
[252 39] [251 38] [250 38] [249 38] [248 37] [247 36] [247 35] 
[247 34] [247 33] [247 32] [247 31] [247 30] [247 29] [247 28] 
[247 27] [247 26] [247 26] 

		Begin Printing Seed information

Seed point: 107 4 	Path 0 6 	User path 0 12 0

Seed point: 112 5 	Path 7 40 	User path 12 68 12

Seed point: 144 9 	Path 41 41 	User path 68 70 68

Seed point: 144 9 	Path 42 57 	User path 70 87 70

Seed point: 159 9 	Path 58 61 	User path 87 96 87

Seed point: 162 10 	Path 62 75 	User path 96 109 96

Seed point: 175 16 	Path 76 79 	User path 109 118 109

Seed point: 178 17 	Path 80 94 	User path 118 135 118

Seed point: 192 26 	Path 95 98 	User path 135 146 135

Seed point: 195 27 	Path 99 123 	User path 146 166 146

Seed point: 219 35 	Path 124 127 	User path 166 177 166

Seed point: 222 36 	Path 128 142 	User path 177 200 177

Seed point: 236 42 	Path 143 144 	User path 200 203 200

Seed point: 237 42 	Path 145 159 	User path 203 227 203

Seed point: 251 46 	Path 160 162 	User path 227 234 227

Seed point: 253 44 	Path 163 183 	User path 234 248 234

Seed point: 247 26 	Path 184 208 	User path 248 280 248

Seed point: 253 3 	Path 209 209 	User path 280 280 280

---------------------

Print path: 



[107 4] [108 4] [108 5] [109 5] [110 5] [111 5] [112 5] 
[112 5] [112 6] [113 7] [114 8] [115 9] [116 10] [117 11] 
[118 12] [119 13] [120 14] [121 15] [122 16] [123 16] [124 16] 
[125 16] [126 16] [127 16] [128 16] [129 16] [130 16] [131 16] 
[132 15] [133 14] [134 14] [135 13] [136 13] [137 13] [138 13] 
[139 13] [140 12] [141 12] [142 11] [143 10] [144 9] [144 9] 
[144 9] [145 9] [146 9] [147 9] [148 9] [149 9] [150 9] 
[151 9] [152 9] [153 9] [154 9] [155 9] [156 9] [157 9] 
[158 9] [159 9] [159 9] [160 9] [161 10] [162 10] [162 10] 
[163 11] [164 11] [165 11] [166 11] [167 12] [168 13] [169 14] 
[170 15] [171 16] [172 16] [173 16] [174 16] [175 16] [175 16] 
[176 16] [177 16] [178 17] [178 17] [179 17] [180 18] [181 19] 
[182 20] [183 21] [184 22] [185 23] [186 24] [187 25] [188 25] 
[189 25] [190 25] [191 26] [192 26] [192 26] [193 26] [194 27] 
[195 27] [195 27] [196 28] [197 29] [198 30] [199 31] [200 31] 
[201 31] [202 31] [203 31] [204 32] [205 32] [206 32] [207 32] 
[208 32] [209 32] [210 32] [211 32] [212 32] [213 33] [214 34] 
[215 35] [216 35] [217 35] [218 35] [219 35] [219 35] [220 35] 
[221 35] [222 36] [222 36] [223 36] [224 36] [225 36] [226 36] 
[227 37] [228 38] [229 38] [230 39] [231 40] [232 40] [233 41] 
[234 42] [235 42] [236 42] [236 42] [237 42] [237 42] [238 42] 
[239 42] [240 42] [241 43] [242 44] [243 44] [244 44] [245 44] 
[246 44] [247 44] [248 45] [249 45] [250 45] [251 46] [251 46] 
[252 45] [253 44] [253 44] [253 43] [253 42] [253 41] [252 40] 
[252 39] [251 38] [250 38] [249 38] [248 37] [247 36] [247 35] 
[247 34] [247 33] [247 32] [247 31] [247 30] [247 29] [247 28] 
[247 27] [247 26] [247 26] [247 25] [247 24] [247 23] [247 22] 
[247 21] [247 20] [247 19] [247 18] [247 17] [247 16] [247 15] 
[247 14] [247 13] [247 12] [247 11] [247 10] [248 9] [249 8] 
[249 7] [250 6] [251 5] [251 4] [252 3] [253 3] [253 3] 

		Begin Printing Seed information

Seed point: 107 4 	Path 0 6 	User path 0 12 0

Seed point: 112 5 	Path 7 40 	User path 12 68 12

Seed point: 144 9 	Path 41 41 	User path 68 70 68

Seed point: 144 9 	Path 42 57 	User path 70 87 70

Seed point: 159 9 	Path 58 61 	User path 87 96 87

Seed point: 162 10 	Path 62 75 	User path 96 109 96

Seed point: 175 16 	Path 76 79 	User path 109 118 109

Seed point: 178 17 	Path 80 94 	User path 118 135 118

Seed point: 192 26 	Path 95 98 	User path 135 146 135

Seed point: 195 27 	Path 99 123 	User path 146 166 146

Seed point: 219 35 	Path 124 127 	User path 166 177 166

Seed point: 222 36 	Path 128 142 	User path 177 200 177

Seed point: 236 42 	Path 143 144 	User path 200 203 200

Seed point: 237 42 	Path 145 159 	User path 203 227 203

Seed point: 251 46 	Path 160 162 	User path 227 234 227

Seed point: 253 44 	Path 163 183 	User path 234 248 234

Seed point: 247 26 	Path 184 208 	User path 248 280 248

Seed point: 253 3 	Path 209 230 	User path 280 296 280

Seed point: 232 3 	Path 231 231 	User path 316 316 316

---------------------

Print path: 



[107 4] [108 4] [108 5] [109 5] [110 5] [111 5] [112 5] 
[112 5] [112 6] [113 7] [114 8] [115 9] [116 10] [117 11] 
[118 12] [119 13] [120 14] [121 15] [122 16] [123 16] [124 16] 
[125 16] [126 16] [127 16] [128 16] [129 16] [130 16] [131 16] 
[132 15] [133 14] [134 14] [135 13] [136 13] [137 13] [138 13] 
[139 13] [140 12] [141 12] [142 11] [143 10] [144 9] [144 9] 
[144 9] [145 9] [146 9] [147 9] [148 9] [149 9] [150 9] 
[151 9] [152 9] [153 9] [154 9] [155 9] [156 9] [157 9] 
[158 9] [159 9] [159 9] [160 9] [161 10] [162 10] [162 10] 
[163 11] [164 11] [165 11] [166 11] [167 12] [168 13] [169 14] 
[170 15] [171 16] [172 16] [173 16] [174 16] [175 16] [175 16] 
[176 16] [177 16] [178 17] [178 17] [179 17] [180 18] [181 19] 
[182 20] [183 21] [184 22] [185 23] [186 24] [187 25] [188 25] 
[189 25] [190 25] [191 26] [192 26] [192 26] [193 26] [194 27] 
[195 27] [195 27] [196 28] [197 29] [198 30] [199 31] [200 31] 
[201 31] [202 31] [203 31] [204 32] [205 32] [206 32] [207 32] 
[208 32] [209 32] [210 32] [211 32] [212 32] [213 33] [214 34] 
[215 35] [216 35] [217 35] [218 35] [219 35] [219 35] [220 35] 
[221 35] [222 36] [222 36] [223 36] [224 36] [225 36] [226 36] 
[227 37] [228 38] [229 38] [230 39] [231 40] [232 40] [233 41] 
[234 42] [235 42] [236 42] [236 42] [237 42] [237 42] [238 42] 
[239 42] [240 42] [241 43] [242 44] [243 44] [244 44] [245 44] 
[246 44] [247 44] [248 45] [249 45] [250 45] [251 46] [251 46] 
[252 45] [253 44] [253 44] [253 43] [253 42] [253 41] [252 40] 
[252 39] [251 38] [250 38] [249 38] [248 37] [247 36] [247 35] 
[247 34] [247 33] [247 32] [247 31] [247 30] [247 29] [247 28] 
[247 27] [247 26] [247 26] [247 25] [247 24] [247 23] [247 22] 
[247 21] [247 20] [247 19] [247 18] [247 17] [247 16] [247 15] 
[247 14] [247 13] [247 12] [247 11] [247 10] [248 9] [249 8] 
[249 7] [250 6] [251 5] [251 4] [252 3] [253 3] [253 3] 
[252 3] [251 3] [250 3] [249 3] [248 3] [247 3] [246 3] 
[245 3] [244 3] [243 3] [242 3] [241 3] [240 3] [239 3] 
[238 3] [237 3] [236 3] [235 3] [234 3] [233 3] [232 3] 
[232 3] 

		Begin Printing Seed information

Seed point: 107 4 	Path 0 6 	User path 0 12 0

Seed point: 112 5 	Path 7 40 	User path 12 68 12

Seed point: 144 9 	Path 41 41 	User path 68 70 68

Seed point: 144 9 	Path 42 57 	User path 70 87 70

Seed point: 159 9 	Path 58 61 	User path 87 96 87

Seed point: 162 10 	Path 62 75 	User path 96 109 96

Seed point: 175 16 	Path 76 79 	User path 109 118 109

Seed point: 178 17 	Path 80 94 	User path 118 135 118

Seed point: 192 26 	Path 95 98 	User path 135 146 135

Seed point: 195 27 	Path 99 123 	User path 146 166 146

Seed point: 219 35 	Path 124 127 	User path 166 177 166

Seed point: 222 36 	Path 128 142 	User path 177 200 177

Seed point: 236 42 	Path 143 144 	User path 200 203 200

Seed point: 237 42 	Path 145 159 	User path 203 227 203

Seed point: 251 46 	Path 160 162 	User path 227 234 227

Seed point: 253 44 	Path 163 183 	User path 234 248 234

Seed point: 247 26 	Path 184 208 	User path 248 280 248

Seed point: 253 3 	Path 209 230 	User path 280 296 280

Seed point: 232 3 	Path 231 282 	User path 296 318 296

Seed point: 182 9 	Path 283 283 	User path 338 338 338

---------------------

Print path: 



[107 4] [108 4] [108 5] [109 5] [110 5] [111 5] [112 5] 
[112 5] [112 6] [113 7] [114 8] [115 9] [116 10] [117 11] 
[118 12] [119 13] [120 14] [121 15] [122 16] [123 16] [124 16] 
[125 16] [126 16] [127 16] [128 16] [129 16] [130 16] [131 16] 
[132 15] [133 14] [134 14] [135 13] [136 13] [137 13] [138 13] 
[139 13] [140 12] [141 12] [142 11] [143 10] [144 9] [144 9] 
[144 9] [145 9] [146 9] [147 9] [148 9] [149 9] [150 9] 
[151 9] [152 9] [153 9] [154 9] [155 9] [156 9] [157 9] 
[158 9] [159 9] [159 9] [160 9] [161 10] [162 10] [162 10] 
[163 11] [164 11] [165 11] [166 11] [167 12] [168 13] [169 14] 
[170 15] [171 16] [172 16] [173 16] [174 16] [175 16] [175 16] 
[176 16] [177 16] [178 17] [178 17] [179 17] [180 18] [181 19] 
[182 20] [183 21] [184 22] [185 23] [186 24] [187 25] [188 25] 
[189 25] [190 25] [191 26] [192 26] [192 26] [193 26] [194 27] 
[195 27] [195 27] [196 28] [197 29] [198 30] [199 31] [200 31] 
[201 31] [202 31] [203 31] [204 32] [205 32] [206 32] [207 32] 
[208 32] [209 32] [210 32] [211 32] [212 32] [213 33] [214 34] 
[215 35] [216 35] [217 35] [218 35] [219 35] [219 35] [220 35] 
[221 35] [222 36] [222 36] [223 36] [224 36] [225 36] [226 36] 
[227 37] [228 38] [229 38] [230 39] [231 40] [232 40] [233 41] 
[234 42] [235 42] [236 42] [236 42] [237 42] [237 42] [238 42] 
[239 42] [240 42] [241 43] [242 44] [243 44] [244 44] [245 44] 
[246 44] [247 44] [248 45] [249 45] [250 45] [251 46] [251 46] 
[252 45] [253 44] [253 44] [253 43] [253 42] [253 41] [252 40] 
[252 39] [251 38] [250 38] [249 38] [248 37] [247 36] [247 35] 
[247 34] [247 33] [247 32] [247 31] [247 30] [247 29] [247 28] 
[247 27] [247 26] [247 26] [247 25] [247 24] [247 23] [247 22] 
[247 21] [247 20] [247 19] [247 18] [247 17] [247 16] [247 15] 
[247 14] [247 13] [247 12] [247 11] [247 10] [248 9] [249 8] 
[249 7] [250 6] [251 5] [251 4] [252 3] [253 3] [253 3] 
[252 3] [251 3] [250 3] [249 3] [248 3] [247 3] [246 3] 
[245 3] [244 3] [243 3] [242 3] [241 3] [240 3] [239 3] 
[238 3] [237 3] [236 3] [235 3] [234 3] [233 3] [232 3] 
[232 3] [231 4] [230 4] [229 4] [229 3] [228 3] [227 3] 
[226 3] [225 3] [224 3] [223 3] [222 3] [221 3] [220 3] 
[219 3] [218 3] [217 3] [216 3] [215 3] [214 3] [213 3] 
[212 3] [211 3] [210 3] [209 3] [208 3] [207 3] [206 3] 
[205 3] [204 3] [203 3] [202 3] [201 3] [200 3] [199 3] 
[198 3] [197 3] [196 3] [195 3] [194 4] [193 5] [192 5] 
[191 6] [190 7] [189 8] [188 9] [187 9] [186 9] [185 9] 
[184 9] [183 9] [182 9] [182 9] 

		Begin Printing Seed information

Seed point: 107 4 	Path 0 6 	User path 0 12 0

Seed point: 112 5 	Path 7 40 	User path 12 68 12

Seed point: 144 9 	Path 41 41 	User path 68 70 68

Seed point: 144 9 	Path 42 57 	User path 70 87 70

Seed point: 159 9 	Path 58 61 	User path 87 96 87

Seed point: 162 10 	Path 62 75 	User path 96 109 96

Seed point: 175 16 	Path 76 79 	User path 109 118 109

Seed point: 178 17 	Path 80 94 	User path 118 135 118

Seed point: 192 26 	Path 95 98 	User path 135 146 135

Seed point: 195 27 	Path 99 123 	User path 146 166 146

Seed point: 219 35 	Path 124 127 	User path 166 177 166

Seed point: 222 36 	Path 128 142 	User path 177 200 177

Seed point: 236 42 	Path 143 144 	User path 200 203 200

Seed point: 237 42 	Path 145 159 	User path 203 227 203

Seed point: 251 46 	Path 160 162 	User path 227 234 227

Seed point: 253 44 	Path 163 183 	User path 234 248 234

Seed point: 247 26 	Path 184 208 	User path 248 280 248

Seed point: 253 3 	Path 209 230 	User path 280 296 280

Seed point: 232 3 	Path 231 282 	User path 296 318 296

Seed point: 182 9 	Path 283 313 	User path 318 339 318

Seed point: 152 9 	Path 314 314 	User path 360 360 360

---------------------

Print path: 



[107 4] [108 4] [108 5] [109 5] [110 5] [111 5] [112 5] 
[112 5] [112 6] [113 7] [114 8] [115 9] [116 10] [117 11] 
[118 12] [119 13] [120 14] [121 15] [122 16] [123 16] [124 16] 
[125 16] [126 16] [127 16] [128 16] [129 16] [130 16] [131 16] 
[132 15] [133 14] [134 14] [135 13] [136 13] [137 13] [138 13] 
[139 13] [140 12] [141 12] [142 11] [143 10] [144 9] [144 9] 
[144 9] [145 9] [146 9] [147 9] [148 9] [149 9] [150 9] 
[151 9] [152 9] [153 9] [154 9] [155 9] [156 9] [157 9] 
[158 9] [159 9] [159 9] [160 9] [161 10] [162 10] [162 10] 
[163 11] [164 11] [165 11] [166 11] [167 12] [168 13] [169 14] 
[170 15] [171 16] [172 16] [173 16] [174 16] [175 16] [175 16] 
[176 16] [177 16] [178 17] [178 17] [179 17] [180 18] [181 19] 
[182 20] [183 21] [184 22] [185 23] [186 24] [187 25] [188 25] 
[189 25] [190 25] [191 26] [192 26] [192 26] [193 26] [194 27] 
[195 27] [195 27] [196 28] [197 29] [198 30] [199 31] [200 31] 
[201 31] [202 31] [203 31] [204 32] [205 32] [206 32] [207 32] 
[208 32] [209 32] [210 32] [211 32] [212 32] [213 33] [214 34] 
[215 35] [216 35] [217 35] [218 35] [219 35] [219 35] [220 35] 
[221 35] [222 36] [222 36] [223 36] [224 36] [225 36] [226 36] 
[227 37] [228 38] [229 38] [230 39] [231 40] [232 40] [233 41] 
[234 42] [235 42] [236 42] [236 42] [237 42] [237 42] [238 42] 
[239 42] [240 42] [241 43] [242 44] [243 44] [244 44] [245 44] 
[246 44] [247 44] [248 45] [249 45] [250 45] [251 46] [251 46] 
[252 45] [253 44] [253 44] [253 43] [253 42] [253 41] [252 40] 
[252 39] [251 38] [250 38] [249 38] [248 37] [247 36] [247 35] 
[247 34] [247 33] [247 32] [247 31] [247 30] [247 29] [247 28] 
[247 27] [247 26] [247 26] [247 25] [247 24] [247 23] [247 22] 
[247 21] [247 20] [247 19] [247 18] [247 17] [247 16] [247 15] 
[247 14] [247 13] [247 12] [247 11] [247 10] [248 9] [249 8] 
[249 7] [250 6] [251 5] [251 4] [252 3] [253 3] [253 3] 
[252 3] [251 3] [250 3] [249 3] [248 3] [247 3] [246 3] 
[245 3] [244 3] [243 3] [242 3] [241 3] [240 3] [239 3] 
[238 3] [237 3] [236 3] [235 3] [234 3] [233 3] [232 3] 
[232 3] [231 4] [230 4] [229 4] [229 3] [228 3] [227 3] 
[226 3] [225 3] [224 3] [223 3] [222 3] [221 3] [220 3] 
[219 3] [218 3] [217 3] [216 3] [215 3] [214 3] [213 3] 
[212 3] [211 3] [210 3] [209 3] [208 3] [207 3] [206 3] 
[205 3] [204 3] [203 3] [202 3] [201 3] [200 3] [199 3] 
[198 3] [197 3] [196 3] [195 3] [194 4] [193 5] [192 5] 
[191 6] [190 7] [189 8] [188 9] [187 9] [186 9] [185 9] 
[184 9] [183 9] [182 9] [182 9] [181 9] [180 9] [179 9] 
[178 9] [177 9] [176 9] [175 9] [174 9] [173 9] [172 9] 
[171 9] [170 9] [169 9] [168 9] [167 9] [166 9] [165 9] 
[164 9] [163 9] [162 9] [161 9] [160 9] [159 9] [158 9] 
[157 9] [156 9] [155 9] [154 9] [153 9] [152 9] [152 9] 

User path


[107 4] [108 4] [109 4] [109 4] [110 4] [110 4] [111 4] 
[111 4] [112 4] [112 5] [112 5] [112 5] [112 5] [112 6] 
[112 7] [113 8] [114 10] [115 12] [116 15] [117 17] [118 19] 
[118 20] [119 20] [119 21] [119 21] [120 21] [120 21] [121 21] 
[121 22] [121 22] [122 22] [123 22] [123 23] [124 23] [125 23] 
[126 22] [126 22] [126 21] [127 21] [128 21] [129 21] [129 20] 
[130 20] [130 20] [130 19] [131 18] [131 17] [132 15] [132 14] 
[133 12] [133 12] [133 11] [133 11] [134 11] [134 11] [135 11] 
[135 11] [136 10] [137 10] [138 10] [138 10] [139 10] [140 10] 
[140 10] [140 9] [141 9] [141 9] [142 9] [144 9] [144 9] 
[144 9] [145 9] [145 9] [146 9] [147 9] [148 9] [149 9] 
[149 9] [150 9] [151 9] [153 9] [154 9] [154 9] [155 9] 
[156 9] [156 9] [157 9] [159 9] [159 9] [159 9] [160 9] 
[160 9] [160 9] [161 9] [161 9] [162 9] [162 10] [163 10] 
[163 10] [163 11] [164 11] [165 11] [166 11] [167 12] [168 13] 
[170 13] [172 14] [173 15] [174 15] [175 16] [175 16] [176 16] 
[176 16] [176 16] [177 16] [177 17] [177 17] [178 17] [178 17] 
[178 17] [179 18] [180 19] [181 20] [183 20] [184 21] [185 23] 
[186 23] [186 23] [187 24] [188 24] [189 24] [189 25] [190 25] 
[190 25] [190 25] [192 26] [192 26] [192 26] [193 26] [193 27] 
[193 27] [193 27] [194 27] [194 27] [195 27] [195 27] [195 27] 
[196 27] [197 27] [197 27] [199 29] [199 29] [201 29] [203 31] 
[204 31] [205 31] [208 33] [209 33] [211 34] [212 35] [213 35] 
[214 35] [215 35] [216 35] [217 35] [218 35] [219 35] [219 35] 
[220 35] [220 35] [220 36] [221 36] [221 36] [221 36] [222 36] 
[222 36] [222 36] [222 36] [222 37] [223 37] [223 37] [224 38] 
[225 38] [226 38] [226 39] [227 40] [228 40] [228 41] [229 41] 
[229 41] [230 41] [230 42] [231 42] [231 42] [232 42] [232 42] 
[233 42] [233 42] [234 42] [235 42] [236 42] [236 42] [237 42] 
[237 42] [237 42] [238 42] [239 42] [240 42] [241 43] [241 43] 
[242 43] [243 43] [243 44] [244 44] [245 44] [245 44] [245 44] 
[246 44] [247 44] [247 45] [248 45] [249 45] [249 46] [250 46] 
[250 46] [250 46] [251 46] [251 46] [252 47] [252 46] [252 46] 
[253 45] [253 44] [253 44] [253 44] [253 43] [253 43] [253 42] 
[253 41] [253 41] [252 39] [252 37] [251 35] [250 34] [250 32] 
[250 29] [249 28] [249 25] [247 26] [249 23] [248 21] [248 19] 
[247 17] [247 15] [246 13] [246 11] [246 10] [245 9] [245 8] 
[245 7] [245 6] [245 6] [245 5] [246 5] [247 5] [248 5] 
[249 5] [250 5] [251 5] [251 5] [252 5] [253 5] [253 5] 
[253 4] [253 4] [253 3] [253 3] [253 3] [253 3] [253 3] 
[253 3] [253 3] [253 3] [251 3] [251 3] [250 3] [250 3] 
[248 3] [246 3] [245 3] [243 3] [241 3] [239 3] [236 5] 
[235 5] [232 5] [232 3] [230 5] [228 6] [225 6] [222 7] 
[219 7] [217 7] [215 7] [212 8] [210 8] [207 8] [205 8] 
[203 8] [201 8] [199 8] [196 8] [195 8] [192 9] [190 9] 
[188 9] [185 9] [182 9] [182 9] [179 9] [177 10] [174 10] 
[172 10] [170 10] [168 10] [166 10] [165 10] [164 10] [162 10] 
[161 10] [160 10] [159 10] [159 10] [158 10] [157 10] [156 10] 
[154 10] [153 10] [152 10] [152 9] [151 10] [149 10] [148 10] 
[147 10] [146 10] [145 10] [145 10] [144 10] [143 10] [143 10] 
[142 10] [141 10] [141 10] [140 10] [139 10] [138 9] [137 9] 
[136 9] [135 9] [135 9] [134 9] [133 9] [132 9] [132 8] 
[131 8] [130 8] [129 7] [129 7] [127 7] [126 7] [125 7] 
[125 7] [123 7] [122 7] [121 7] [121 7] [120 6] [119 6] 
[118 6] [117 6] [117 6] [116 6] [115 6] [115 6] [114 6] 
[114 6] [113 6] [113 5] [112 5] [112 5] [111 5] [111 5] 
[110 5] [109 4] [109 4] [108 4] [108 4] [107 4] [106 4] 
[106 4] [105 4] [105 4] 

		Begin Printing Seed information

Seed point: 107 4 	Path 0 6 	User path 0 12 0

Seed point: 112 5 	Path 7 40 	User path 12 68 12

Seed point: 144 9 	Path 41 41 	User path 68 70 68

Seed point: 144 9 	Path 42 57 	User path 70 87 70

Seed point: 159 9 	Path 58 61 	User path 87 96 87

Seed point: 162 10 	Path 62 75 	User path 96 109 96

Seed point: 175 16 	Path 76 79 	User path 109 118 109

Seed point: 178 17 	Path 80 94 	User path 118 135 118

Seed point: 192 26 	Path 95 98 	User path 135 146 135

Seed point: 195 27 	Path 99 123 	User path 146 166 146

Seed point: 219 35 	Path 124 127 	User path 166 177 166

Seed point: 222 36 	Path 128 142 	User path 177 200 177

Seed point: 236 42 	Path 143 144 	User path 200 203 200

Seed point: 237 42 	Path 145 159 	User path 203 227 203

Seed point: 251 46 	Path 160 162 	User path 227 234 227

Seed point: 253 44 	Path 163 183 	User path 234 248 234

Seed point: 247 26 	Path 184 208 	User path 248 280 248

Seed point: 253 3 	Path 209 230 	User path 280 296 280

Seed point: 232 3 	Path 231 282 	User path 296 318 296

Seed point: 182 9 	Path 283 313 	User path 318 339 318

Seed point: 152 9 	Path 314 361 	User path 339 402 339

Seed point: 105 4 	Path 362 362 	User path 402 402 402

---------------------

Print path: 



[107 4] [108 4] [108 5] [109 5] [110 5] [111 5] [112 5] 
[112 5] [112 6] [113 7] [114 8] [115 9] [116 10] [117 11] 
[118 12] [119 13] [120 14] [121 15] [122 16] [123 16] [124 16] 
[125 16] [126 16] [127 16] [128 16] [129 16] [130 16] [131 16] 
[132 15] [133 14] [134 14] [135 13] [136 13] [137 13] [138 13] 
[139 13] [140 12] [141 12] [142 11] [143 10] [144 9] [144 9] 
[144 9] [145 9] [146 9] [147 9] [148 9] [149 9] [150 9] 
[151 9] [152 9] [153 9] [154 9] [155 9] [156 9] [157 9] 
[158 9] [159 9] [159 9] [160 9] [161 10] [162 10] [162 10] 
[163 11] [164 11] [165 11] [166 11] [167 12] [168 13] [169 14] 
[170 15] [171 16] [172 16] [173 16] [174 16] [175 16] [175 16] 
[176 16] [177 16] [178 17] [178 17] [179 17] [180 18] [181 19] 
[182 20] [183 21] [184 22] [185 23] [186 24] [187 25] [188 25] 
[189 25] [190 25] [191 26] [192 26] [192 26] [193 26] [194 27] 
[195 27] [195 27] [196 28] [197 29] [198 30] [199 31] [200 31] 
[201 31] [202 31] [203 31] [204 32] [205 32] [206 32] [207 32] 
[208 32] [209 32] [210 32] [211 32] [212 32] [213 33] [214 34] 
[215 35] [216 35] [217 35] [218 35] [219 35] [219 35] [220 35] 
[221 35] [222 36] [222 36] [223 36] [224 36] [225 36] [226 36] 
[227 37] [228 38] [229 38] [230 39] [231 40] [232 40] [233 41] 
[234 42] [235 42] [236 42] [236 42] [237 42] [237 42] [238 42] 
[239 42] [240 42] [241 43] [242 44] [243 44] [244 44] [245 44] 
[246 44] [247 44] [248 45] [249 45] [250 45] [251 46] [251 46] 
[252 45] [253 44] [253 44] [253 43] [253 42] [253 41] [252 40] 
[252 39] [251 38] [250 38] [249 38] [248 37] [247 36] [247 35] 
[247 34] [247 33] [247 32] [247 31] [247 30] [247 29] [247 28] 
[247 27] [247 26] [247 26] [247 25] [247 24] [247 23] [247 22] 
[247 21] [247 20] [247 19] [247 18] [247 17] [247 16] [247 15] 
[247 14] [247 13] [247 12] [247 11] [247 10] [248 9] [249 8] 
[249 7] [250 6] [251 5] [251 4] [252 3] [253 3] [253 3] 
[252 3] [251 3] [250 3] [249 3] [248 3] [247 3] [246 3] 
[245 3] [244 3] [243 3] [242 3] [241 3] [240 3] [239 3] 
[238 3] [237 3] [236 3] [235 3] [234 3] [233 3] [232 3] 
[232 3] [231 4] [230 4] [229 4] [229 3] [228 3] [227 3] 
[226 3] [225 3] [224 3] [223 3] [222 3] [221 3] [220 3] 
[219 3] [218 3] [217 3] [216 3] [215 3] [214 3] [213 3] 
[212 3] [211 3] [210 3] [209 3] [208 3] [207 3] [206 3] 
[205 3] [204 3] [203 3] [202 3] [201 3] [200 3] [199 3] 
[198 3] [197 3] [196 3] [195 3] [194 4] [193 5] [192 5] 
[191 6] [190 7] [189 8] [188 9] [187 9] [186 9] [185 9] 
[184 9] [183 9] [182 9] [182 9] [181 9] [180 9] [179 9] 
[178 9] [177 9] [176 9] [175 9] [174 9] [173 9] [172 9] 
[171 9] [170 9] [169 9] [168 9] [167 9] [166 9] [165 9] 
[164 9] [163 9] [162 9] [161 9] [160 9] [159 9] [158 9] 
[157 9] [156 9] [155 9] [154 9] [153 9] [152 9] [152 9] 
[151 9] [150 9] [149 9] [148 9] [147 9] [146 8] [145 8] 
[144 7] [143 6] [142 6] [141 6] [140 6] [139 6] [138 6] 
[137 5] [136 4] [135 3] [134 3] [133 3] [132 3] [131 3] 
[130 3] [129 3] [128 3] [127 3] [126 3] [125 3] [124 3] 
[123 3] [122 3] [121 3] [120 3] [119 3] [118 3] [117 3] 
[116 3] [115 3] [114 3] [113 3] [112 3] [111 3] [110 4] 
[109 4] [108 4] [107 4] [106 4] [105 4] [105 4] 

